..\..\..\bin_win32\ssh_login.ilk
..\..\..\bin_win32\ssh_login.pdb
C:\USERS\SERVKEY\DROPBOX\SSH_TEST\BIN_WIN32\SSH_LOGIN.EXE
C:\USERS\SERVKEY\DROPBOX\SSH_TEST\BIN_WIN32\SSH_LOGIN.ILK
C:\USERS\SERVKEY\DROPBOX\SSH_TEST\BIN_WIN32\SSH_LOGIN.PDB
C:\Users\servkey\Dropbox\ssh_test\source\vcpp\ssh_login\..\..\..\bin_win32\ssh_login.exe
C:\Users\servkey\Dropbox\ssh_test\source\vcpp\ssh_login\Debug\cl.command.1.tlog
C:\Users\servkey\Dropbox\ssh_test\source\vcpp\ssh_login\Debug\CL.read.1.tlog
C:\Users\servkey\Dropbox\ssh_test\source\vcpp\ssh_login\Debug\CL.write.1.tlog
C:\Users\servkey\Dropbox\ssh_test\source\vcpp\ssh_login\Debug\link.command.1.tlog
C:\Users\servkey\Dropbox\ssh_test\source\vcpp\ssh_login\Debug\link.read.1.tlog
C:\Users\servkey\Dropbox\ssh_test\source\vcpp\ssh_login\Debug\link.write.1.tlog
C:\Users\servkey\Dropbox\ssh_test\source\vcpp\ssh_login\Debug\mt.command.1.tlog
C:\Users\servkey\Dropbox\ssh_test\source\vcpp\ssh_login\Debug\mt.read.1.tlog
C:\Users\servkey\Dropbox\ssh_test\source\vcpp\ssh_login\Debug\mt.write.1.tlog
C:\USERS\SERVKEY\DROPBOX\SSH_TEST\SOURCE\VCPP\SSH_LOGIN\DEBUG\SSH_LOGIN.EXE.INTERMEDIATE.MANIFEST
C:\USERS\SERVKEY\DROPBOX\SSH_TEST\SOURCE\VCPP\SSH_LOGIN\DEBUG\SSH_LOGIN.OBJ
C:\Users\servkey\Dropbox\ssh_test\source\vcpp\ssh_login\Debug\ssh_login.write.1.tlog
C:\Users\servkey\Dropbox\ssh_test\source\vcpp\ssh_login\Debug\vc100.idb
C:\USERS\SERVKEY\DROPBOX\SSH_TEST\SOURCE\VCPP\SSH_LOGIN\DEBUG\VC100.PDB
